<?xml version="1.0" encoding="UTF-8"?>
<!-- Generated by org.testng.reporters.JUnitXMLReporter -->
<testsuite ignored="0" hostname="LAPTOP-P5UBFOO4" failures="0" tests="4" name="ReplaiTest1" time="37.177" errors="0" timestamp="2022-07-07T14:40:28 WEST">
  <testcase classname="selenium_tests.ReplaiWebpageTests" name="replaiFaqSectionTest" time="6.63"/>
  <testcase classname="selenium_tests.ReplaiWebpageTests" name="replaiGeneralTest" time="2.488"/>
  <testcase classname="selenium_tests.ReplaiWebpageTests" name="replaiMenuTest" time="22.437"/>
  <testcase classname="selenium_tests.ReplaiWebpageTests" name="replaiVideoSectionTest" time="3.698"/>
</testsuite> <!-- ReplaiTest1 -->
